#
# There is insufficient memory for the Java Runtime Environment to continue.
# Native memory allocation (mmap) failed to map 358088704 bytes for committing reserved memory.
# Possible reasons:
#   The system is out of physical RAM or swap space
#   In 32 bit mode, the process size limit was hit
# Possible solutions:
#   Reduce memory load on the system
#   Increase physical memory or swap space
#   Check if swap backing store is full
#   Use 64 bit Java on a 64 bit OS
#   Decrease Java heap size (-Xmx/-Xms)
#   Decrease number of Java threads
#   Decrease Java thread stack sizes (-Xss)
#   Set larger code cache with -XX:ReservedCodeCacheSize=
# This output file may be truncated or incomplete.
#
#  Out of Memory Error (os_linux.cpp:2627), pid=15927, tid=0x00007f5311091700
#
# JRE version:  (8.0_101-b13) (build )
# Java VM: Java HotSpot(TM) 64-Bit Server VM (25.101-b13 mixed mode linux-amd64 compressed oops)
# Failed to write core dump. Core dumps have been disabled. To enable core dumping, try "ulimit -c unlimited" before starting Java again
#

---------------  T H R E A D  ---------------

Current thread (0x00007f5308009800):  JavaThread "Unknown thread" [_thread_in_vm, id=15932, stack(0x00007f5310f91000,0x00007f5311092000)]

Stack: [0x00007f5310f91000,0x00007f5311092000],  sp=0x00007f53110903c0,  free space=1020k
Native frames: (J=compiled Java code, j=interpreted, Vv=VM code, C=native code)
V  [libjvm.so+0xac3f0a]  VMError::report_and_die()+0x2ba
V  [libjvm.so+0x4fbf9b]  report_vm_out_of_memory(char const*, int, unsigned long, VMErrorType, char const*)+0x8b
V  [libjvm.so+0x9222d3]  os::Linux::commit_memory_impl(char*, unsigned long, bool)+0x103
V  [libjvm.so+0x922829]  os::pd_commit_memory(char*, unsigned long, unsigned long, bool)+0x29
V  [libjvm.so+0x91cb2a]  os::commit_memory(char*, unsigned long, unsigned long, bool)+0x2a
V  [libjvm.so+0x991053]  PSVirtualSpace::expand_by(unsigned long)+0x53
V  [libjvm.so+0x981177]  PSOldGen::initialize(ReservedSpace, unsigned long, char const*, int)+0xb7
V  [libjvm.so+0x2d884a]  AdjoiningGenerations::AdjoiningGenerations(ReservedSpace, GenerationSizer*, unsigned long)+0x39a
V  [libjvm.so+0x945686]  ParallelScavengeHeap::initialize()+0x1d6
V  [libjvm.so+0xa8c753]  Universe::initialize_heap()+0xf3
V  [libjvm.so+0xa8c99e]  universe_init()+0x3e
V  [libjvm.so+0x63bdf5]  init_globals()+0x65
V  [libjvm.so+0xa70bfe]  Threads::create_vm(JavaVMInitArgs*, bool*)+0x23e
V  [libjvm.so+0x6d08f4]  JNI_CreateJavaVM+0x74
C  [libjli.so+0x745e]  JavaMain+0x9e
C  [libpthread.so.0+0x76ba]  start_thread+0xca


---------------  P R O C E S S  ---------------

Java Threads: ( => current thread )

Other Threads:

=>0x00007f5308009800 (exited) JavaThread "Unknown thread" [_thread_in_vm, id=15932, stack(0x00007f5310f91000,0x00007f5311092000)]

VM state:not at safepoint (not fully initialized)

VM Mutex/Monitor currently owned by a thread: None

GC Heap History (0 events):
No events

Deoptimization events (0 events):
No events

Internal exceptions (0 events):
No events

Events (0 events):
No events


Dynamic libraries:
00400000-00401000 r-xp 00000000 08:02 13898951                           /opt/jdk1.8.0_101/bin/java
00600000-00601000 rw-p 00000000 08:02 13898951                           /opt/jdk1.8.0_101/bin/java
020bb000-020dc000 rw-p 00000000 00:00 0                                  [heap]
d5580000-eab00000 ---p 00000000 00:00 0 
eab00000-f5580000 rw-p 00000000 00:00 0 
f5580000-100000000 ---p 00000000 00:00 0 
7f52f9000000-7f52f9270000 rwxp 00000000 00:00 0 
7f52f9270000-7f5308000000 ---p 00000000 00:00 0 
7f5308000000-7f5308034000 rw-p 00000000 00:00 0 
7f5308034000-7f530c000000 ---p 00000000 00:00 0 
7f530d8b6000-7f530db3d000 rw-p 00000000 00:00 0 
7f530db3d000-7f530dc92000 ---p 00000000 00:00 0 
7f530dc92000-7f530dce8000 rw-p 00000000 00:00 0 
7f530dce8000-7f530dd3d000 ---p 00000000 00:00 0 
7f530dd3d000-7f530dd48000 rw-p 00000000 00:00 0 
7f530dd48000-7f530e0fe000 ---p 00000000 00:00 0 
7f530e0fe000-7f530e118000 r-xp 00000000 08:02 14034456                   /opt/jdk1.8.0_101/jre/lib/amd64/libzip.so
7f530e118000-7f530e318000 ---p 0001a000 08:02 14034456                   /opt/jdk1.8.0_101/jre/lib/amd64/libzip.so
7f530e318000-7f530e319000 rw-p 0001a000 08:02 14034456                   /opt/jdk1.8.0_101/jre/lib/amd64/libzip.so
7f530e319000-7f530e324000 r-xp 00000000 08:02 13635347                   /lib/x86_64-linux-gnu/libnss_files-2.23.so
7f530e324000-7f530e523000 ---p 0000b000 08:02 13635347                   /lib/x86_64-linux-gnu/libnss_files-2.23.so
7f530e523000-7f530e524000 r--p 0000a000 08:02 13635347                   /lib/x86_64-linux-gnu/libnss_files-2.23.so
7f530e524000-7f530e525000 rw-p 0000b000 08:02 13635347                   /lib/x86_64-linux-gnu/libnss_files-2.23.so
7f530e525000-7f530e52b000 rw-p 00000000 00:00 0 
7f530e52b000-7f530e536000 r-xp 00000000 08:02 13635340                   /lib/x86_64-linux-gnu/libnss_nis-2.23.so
7f530e536000-7f530e735000 ---p 0000b000 08:02 13635340                   /lib/x86_64-linux-gnu/libnss_nis-2.23.so
7f530e735000-7f530e736000 r--p 0000a000 08:02 13635340                   /lib/x86_64-linux-gnu/libnss_nis-2.23.so
7f530e736000-7f530e737000 rw-p 0000b000 08:02 13635340                   /lib/x86_64-linux-gnu/libnss_nis-2.23.so
7f530e737000-7f530e74d000 r-xp 00000000 08:02 13635342                   /lib/x86_64-linux-gnu/libnsl-2.23.so
7f530e74d000-7f530e94c000 ---p 00016000 08:02 13635342                   /lib/x86_64-linux-gnu/libnsl-2.23.so
7f530e94c000-7f530e94d000 r--p 00015000 08:02 13635342                   /lib/x86_64-linux-gnu/libnsl-2.23.so
7f530e94d000-7f530e94e000 rw-p 00016000 08:02 13635342                   /lib/x86_64-linux-gnu/libnsl-2.23.so
7f530e94e000-7f530e950000 rw-p 00000000 00:00 0 
7f530e950000-7f530e958000 r-xp 00000000 08:02 13635349                   /lib/x86_64-linux-gnu/libnss_compat-2.23.so
7f530e958000-7f530eb57000 ---p 00008000 08:02 13635349                   /lib/x86_64-linux-gnu/libnss_compat-2.23.so
7f530eb57000-7f530eb58000 r--p 00007000 08:02 13635349                   /lib/x86_64-linux-gnu/libnss_compat-2.23.so
7f530eb58000-7f530eb59000 rw-p 00008000 08:02 13635349                   /lib/x86_64-linux-gnu/libnss_compat-2.23.so
7f530eb59000-7f530eb83000 r-xp 00000000 08:02 14034482                   /opt/jdk1.8.0_101/jre/lib/amd64/libjava.so
7f530eb83000-7f530ed83000 ---p 0002a000 08:02 14034482                   /opt/jdk1.8.0_101/jre/lib/amd64/libjava.so
7f530ed83000-7f530ed85000 rw-p 0002a000 08:02 14034482                   /opt/jdk1.8.0_101/jre/lib/amd64/libjava.so
7f530ed85000-7f530ed92000 r-xp 00000000 08:02 14034436                   /opt/jdk1.8.0_101/jre/lib/amd64/libverify.so
7f530ed92000-7f530ef92000 ---p 0000d000 08:02 14034436                   /opt/jdk1.8.0_101/jre/lib/amd64/libverify.so
7f530ef92000-7f530ef94000 rw-p 0000d000 08:02 14034436                   /opt/jdk1.8.0_101/jre/lib/amd64/libverify.so
7f530ef94000-7f530ef9b000 r-xp 00000000 08:02 13635350                   /lib/x86_64-linux-gnu/librt-2.23.so
7f530ef9b000-7f530f19a000 ---p 00007000 08:02 13635350                   /lib/x86_64-linux-gnu/librt-2.23.so
7f530f19a000-7f530f19b000 r--p 00006000 08:02 13635350                   /lib/x86_64-linux-gnu/librt-2.23.so
7f530f19b000-7f530f19c000 rw-p 00007000 08:02 13635350                   /lib/x86_64-linux-gnu/librt-2.23.so
7f530f19c000-7f530f2a4000 r-xp 00000000 08:02 13635341                   /lib/x86_64-linux-gnu/libm-2.23.so
7f530f2a4000-7f530f4a3000 ---p 00108000 08:02 13635341                   /lib/x86_64-linux-gnu/libm-2.23.so
7f530f4a3000-7f530f4a4000 r--p 00107000 08:02 13635341                   /lib/x86_64-linux-gnu/libm-2.23.so
7f530f4a4000-7f530f4a5000 rw-p 00108000 08:02 13635341                   /lib/x86_64-linux-gnu/libm-2.23.so
7f530f4a5000-7f5310170000 r-xp 00000000 08:02 14034486                   /opt/jdk1.8.0_101/jre/lib/amd64/server/libjvm.so
7f5310170000-7f531036f000 ---p 00ccb000 08:02 14034486                   /opt/jdk1.8.0_101/jre/lib/amd64/server/libjvm.so
7f531036f000-7f5310448000 rw-p 00cca000 08:02 14034486                   /opt/jdk1.8.0_101/jre/lib/amd64/server/libjvm.so
7f5310448000-7f5310493000 rw-p 00000000 00:00 0 
7f5310493000-7f5310652000 r-xp 00000000 08:02 13635343                   /lib/x86_64-linux-gnu/libc-2.23.so
7f5310652000-7f5310852000 ---p 001bf000 08:02 13635343                   /lib/x86_64-linux-gnu/libc-2.23.so
7f5310852000-7f5310856000 r--p 001bf000 08:02 13635343                   /lib/x86_64-linux-gnu/libc-2.23.so
7f5310856000-7f5310858000 rw-p 001c3000 08:02 13635343                   /lib/x86_64-linux-gnu/libc-2.23.so
7f5310858000-7f531085c000 rw-p 00000000 00:00 0 
7f531085c000-7f531085f000 r-xp 00000000 08:02 13635339                   /lib/x86_64-linux-gnu/libdl-2.23.so
7f531085f000-7f5310a5e000 ---p 00003000 08:02 13635339                   /lib/x86_64-linux-gnu/libdl-2.23.so
7f5310a5e000-7f5310a5f000 r--p 00002000 08:02 13635339                   /lib/x86_64-linux-gnu/libdl-2.23.so
7f5310a5f000-7f5310a60000 rw-p 00003000 08:02 13635339                   /lib/x86_64-linux-gnu/libdl-2.23.so
7f5310a60000-7f5310a75000 r-xp 00000000 08:02 13767580                   /opt/jdk1.8.0_101/lib/amd64/jli/libjli.so
7f5310a75000-7f5310c75000 ---p 00015000 08:02 13767580                   /opt/jdk1.8.0_101/lib/amd64/jli/libjli.so
7f5310c75000-7f5310c76000 rw-p 00015000 08:02 13767580                   /opt/jdk1.8.0_101/lib/amd64/jli/libjli.so
7f5310c76000-7f5310c8e000 r-xp 00000000 08:02 13635354                   /lib/x86_64-linux-gnu/libpthread-2.23.so
7f5310c8e000-7f5310e8d000 ---p 00018000 08:02 13635354                   /lib/x86_64-linux-gnu/libpthread-2.23.so
7f5310e8d000-7f5310e8e000 r--p 00017000 08:02 13635354                   /lib/x86_64-linux-gnu/libpthread-2.23.so
7f5310e8e000-7f5310e8f000 rw-p 00018000 08:02 13635354                   /lib/x86_64-linux-gnu/libpthread-2.23.so
7f5310e8f000-7f5310e93000 rw-p 00000000 00:00 0 
7f5310e93000-7f5310eb9000 r-xp 00000000 08:02 13635344                   /lib/x86_64-linux-gnu/ld-2.23.so
7f5310f91000-7f5310f94000 ---p 00000000 00:00 0 
7f5310f94000-7f5311096000 rw-p 00000000 00:00 0 
7f53110ac000-7f53110b4000 rw-s 00000000 08:02 11019806                   /tmp/hsperfdata_fry/15927
7f53110b4000-7f53110b5000 rw-p 00000000 00:00 0 
7f53110b5000-7f53110b6000 r--p 00000000 00:00 0 
7f53110b6000-7f53110b8000 rw-p 00000000 00:00 0 
7f53110b8000-7f53110b9000 r--p 00025000 08:02 13635344                   /lib/x86_64-linux-gnu/ld-2.23.so
7f53110b9000-7f53110ba000 rw-p 00026000 08:02 13635344                   /lib/x86_64-linux-gnu/ld-2.23.so
7f53110ba000-7f53110bb000 rw-p 00000000 00:00 0 
7fffc2429000-7fffc244a000 rw-p 00000000 00:00 0                          [stack]
7fffc24f4000-7fffc24f6000 r--p 00000000 00:00 0                          [vvar]
7fffc24f6000-7fffc24f8000 r-xp 00000000 00:00 0                          [vdso]
ffffffffff600000-ffffffffff601000 r-xp 00000000 00:00 0                  [vsyscall]

VM Arguments:
jvm_args: -Dmaven.multiModuleProjectDirectory=$M2_HOME -Xms512m -Xmx1024m -Dfile.encoding=UTF-8 
java_command: clean.Main test.simp.utf8
java_class_path (initial): /home/fry/workspace/OntologyBuilding/bin
Launcher Type: SUN_STANDARD

Environment Variables:
JAVA_HOME=/opt/jdk1.8.0_101
JRE_HOME=/opt/jdk1.8.0_101/jre
CLASSPATH=.:/opt/jdk1.8.0_101/lib:/opt/jdk1.8.0_101/jre/lib
PATH=/usr/local/sbin:/usr/local/bin:/usr/sbin:/usr/bin:/sbin:/bin:/usr/games:/usr/local/games:/snap/bin:/opt/jdk1.8.0_101/bin:/opt/jdk1.8.0_101/jre/bin:/home/fry/workspace/apache-maven-3.3.9/bin:/opt/jdk1.8.0_101/bin:/opt/jdk1.8.0_101/jre/bin
LD_LIBRARY_PATH=:/opt/jdk1.8.0_101/jre/lib
SHELL=/bin/bash
DISPLAY=:0

Signal Handlers:
SIGSEGV: [libjvm.so+0xac4790], sa_mask[0]=11111111011111111101111111111110, sa_flags=SA_RESTART|SA_SIGINFO
SIGBUS: [libjvm.so+0xac4790], sa_mask[0]=11111111011111111101111111111110, sa_flags=SA_RESTART|SA_SIGINFO
SIGFPE: [libjvm.so+0x91f140], sa_mask[0]=11111111011111111101111111111110, sa_flags=SA_RESTART|SA_SIGINFO
SIGPIPE: [libjvm.so+0x91f140], sa_mask[0]=11111111011111111101111111111110, sa_flags=SA_RESTART|SA_SIGINFO
SIGXFSZ: [libjvm.so+0x91f140], sa_mask[0]=11111111011111111101111111111110, sa_flags=SA_RESTART|SA_SIGINFO
SIGILL: [libjvm.so+0x91f140], sa_mask[0]=11111111011111111101111111111110, sa_flags=SA_RESTART|SA_SIGINFO
SIGUSR1: SIG_DFL, sa_mask[0]=00000000000000000000000000000000, sa_flags=none
SIGUSR2: [libjvm.so+0x920770], sa_mask[0]=00100000000000000000000000000000, sa_flags=SA_RESTART|SA_SIGINFO
SIGHUP: SIG_DFL, sa_mask[0]=00000000000000000000000000000000, sa_flags=none
SIGINT: SIG_DFL, sa_mask[0]=00000000000000000000000000000000, sa_flags=none
SIGTERM: SIG_DFL, sa_mask[0]=00000000000000000000000000000000, sa_flags=none
SIGQUIT: SIG_DFL, sa_mask[0]=00000000000000000000000000000000, sa_flags=none


---------------  S Y S T E M  ---------------

OS:DISTRIB_ID=Ubuntu
DISTRIB_RELEASE=16.04
DISTRIB_CODENAME=xenial
DISTRIB_DESCRIPTION="Ubuntu 16.04.2 LTS"

uname:Linux 4.4.0-78-generic #99-Ubuntu SMP Thu Apr 27 15:29:09 UTC 2017 x86_64
libc:glibc 2.23 NPTL 2.23 
rlimit: STACK 8192k, CORE 0k, NPROC 31053, NOFILE 65536, AS infinity
load average:1.98 1.86 1.74

/proc/meminfo:
MemTotal:        8096028 kB
MemFree:          132800 kB
MemAvailable:     129232 kB
Buffers:           20888 kB
Cached:           187636 kB
SwapCached:        53720 kB
Active:          2071964 kB
Inactive:         742856 kB
Active(anon):    1964948 kB
Inactive(anon):   655324 kB
Active(file):     107016 kB
Inactive(file):    87532 kB
Unevictable:        1092 kB
Mlocked:            1092 kB
SwapTotal:       8308732 kB
SwapFree:          23752 kB
Dirty:               808 kB
Writeback:             0 kB
AnonPages:       2555696 kB
Mapped:          4713600 kB
Shmem:             13796 kB
Slab:             147096 kB
SReclaimable:      42520 kB
SUnreclaim:       104576 kB
KernelStack:       16352 kB
PageTables:       128316 kB
NFS_Unstable:          0 kB
Bounce:                0 kB
WritebackTmp:          0 kB
CommitLimit:    12356744 kB
Committed_AS:   25145820 kB
VmallocTotal:   34359738367 kB
VmallocUsed:           0 kB
VmallocChunk:          0 kB
HardwareCorrupted:     0 kB
AnonHugePages:    221184 kB
CmaTotal:              0 kB
CmaFree:               0 kB
HugePages_Total:       0
HugePages_Free:        0
HugePages_Rsvd:        0
HugePages_Surp:        0
Hugepagesize:       2048 kB
DirectMap4k:     3552068 kB
DirectMap2M:     4757504 kB
DirectMap1G:     1048576 kB


CPU:total 4 (4 cores per cpu, 1 threads per core) family 6 model 94 stepping 3, cmov, cx8, fxsr, mmx, sse, sse2, sse3, ssse3, sse4.1, sse4.2, popcnt, avx, avx2, aes, clmul, erms, rtm, 3dnowpref, lzcnt, tsc, tscinvbit, bmi1, bmi2, adx

/proc/cpuinfo:
processor	: 0
vendor_id	: GenuineIntel
cpu family	: 6
model		: 94
model name	: Intel(R) Core(TM) i5-6500 CPU @ 3.20GHz
stepping	: 3
microcode	: 0x74
cpu MHz		: 2809.750
cache size	: 6144 KB
physical id	: 0
siblings	: 4
core id		: 0
cpu cores	: 4
apicid		: 0
initial apicid	: 0
fpu		: yes
fpu_exception	: yes
cpuid level	: 22
wp		: yes
flags		: fpu vme de pse tsc msr pae mce cx8 apic sep mtrr pge mca cmov pat pse36 clflush dts acpi mmx fxsr sse sse2 ss ht tm pbe syscall nx pdpe1gb rdtscp lm constant_tsc art arch_perfmon pebs bts rep_good nopl xtopology nonstop_tsc aperfmperf eagerfpu pni pclmulqdq dtes64 monitor ds_cpl vmx smx est tm2 ssse3 sdbg fma cx16 xtpr pdcm pcid sse4_1 sse4_2 x2apic movbe popcnt tsc_deadline_timer aes xsave avx f16c rdrand lahf_lm abm 3dnowprefetch epb intel_pt tpr_shadow vnmi flexpriority ept vpid fsgsbase tsc_adjust bmi1 hle avx2 smep bmi2 erms invpcid rtm mpx rdseed adx smap clflushopt xsaveopt xsavec xgetbv1 dtherm ida arat pln pts hwp hwp_notify hwp_act_window hwp_epp
bugs		:
bogomips	: 6383.87
clflush size	: 64
cache_alignment	: 64
address sizes	: 39 bits physical, 48 bits virtual
power management:

processor	: 1
vendor_id	: GenuineIntel
cpu family	: 6
model		: 94
model name	: Intel(R) Core(TM) i5-6500 CPU @ 3.20GHz
stepping	: 3
microcode	: 0x74
cpu MHz		: 2871.500
cache size	: 6144 KB
physical id	: 0
siblings	: 4
core id		: 1
cpu cores	: 4
apicid		: 2
initial apicid	: 2
fpu		: yes
fpu_exception	: yes
cpuid level	: 22
wp		: yes
flags		: fpu vme de pse tsc msr pae mce cx8 apic sep mtrr pge mca cmov pat pse36 clflush dts acpi mmx fxsr sse sse2 ss ht tm pbe syscall nx pdpe1gb rdtscp lm constant_tsc art arch_perfmon pebs bts rep_good nopl xtopology nonstop_tsc aperfmperf eagerfpu pni pclmulqdq dtes64 monitor ds_cpl vmx smx est tm2 ssse3 sdbg fma cx16 xtpr pdcm pcid sse4_1 sse4_2 x2apic movbe popcnt tsc_deadline_timer aes xsave avx f16c rdrand lahf_lm abm 3dnowprefetch epb intel_pt tpr_shadow vnmi flexpriority ept vpid fsgsbase tsc_adjust bmi1 hle avx2 smep bmi2 erms invpcid rtm mpx rdseed adx smap clflushopt xsaveopt xsavec xgetbv1 dtherm ida arat pln pts hwp hwp_notify hwp_act_window hwp_epp
bugs		:
bogomips	: 6383.87
clflush size	: 64
cache_alignment	: 64
address sizes	: 39 bits physical, 48 bits virtual
power management:

processor	: 2
vendor_id	: GenuineIntel
cpu family	: 6
model		: 94
model name	: Intel(R) Core(TM) i5-6500 CPU @ 3.20GHz
stepping	: 3
microcode	: 0x74
cpu MHz		: 3159.125
cache size	: 6144 KB
physical id	: 0
siblings	: 4
core id		: 2
cpu cores	: 4
apicid		: 4
initial apicid	: 4
fpu		: yes
fpu_exception	: yes
cpuid level	: 22
wp		: yes
flags		: fpu vme de pse tsc msr pae mce cx8 apic sep mtrr pge mca cmov pat pse36 clflush dts acpi mmx fxsr sse sse2 ss ht tm pbe syscall nx pdpe1gb rdtscp lm constant_tsc art arch_perfmon pebs bts rep_good nopl xtopology nonstop_tsc aperfmperf eagerfpu pni pclmulqdq dtes64 monitor ds_cpl vmx smx est tm2 ssse3 sdbg fma cx16 xtpr pdcm pcid sse4_1 sse4_2 x2apic movbe popcnt tsc_deadline_timer aes xsave avx f16c rdrand lahf_lm abm 3dnowprefetch epb intel_pt tpr_shadow vnmi flexpriority ept vpid fsgsbase tsc_adjust bmi1 hle avx2 smep bmi2 erms invpcid rtm mpx rdseed adx smap clflushopt xsaveopt xsavec xgetbv1 dtherm ida arat pln pts hwp hwp_notify hwp_act_window hwp_epp
bugs		:
bogomips	: 6383.87
clflush size	: 64
cache_alignment	: 64
address sizes	: 39 bits physical, 48 bits virtual
power management:

processor	: 3
vendor_id	: GenuineIntel
cpu family	: 6
model		: 94
model name	: Intel(R) Core(TM) i5-6500 CPU @ 3.20GHz
stepping	: 3
microcode	: 0x74
cpu MHz		: 2884.750
cache size	: 6144 KB
physical id	: 0
siblings	: 4
core id		: 3
cpu cores	: 4
apicid		: 6
initial apicid	: 6
fpu		: yes
fpu_exception	: yes
cpuid level	: 22
wp		: yes
flags		: fpu vme de pse tsc msr pae mce cx8 apic sep mtrr pge mca cmov pat pse36 clflush dts acpi mmx fxsr sse sse2 ss ht tm pbe syscall nx pdpe1gb rdtscp lm constant_tsc art arch_perfmon pebs bts rep_good nopl xtopology nonstop_tsc aperfmperf eagerfpu pni pclmulqdq dtes64 monitor ds_cpl vmx smx est tm2 ssse3 sdbg fma cx16 xtpr pdcm pcid sse4_1 sse4_2 x2apic movbe popcnt tsc_deadline_timer aes xsave avx f16c rdrand lahf_lm abm 3dnowprefetch epb intel_pt tpr_shadow vnmi flexpriority ept vpid fsgsbase tsc_adjust bmi1 hle avx2 smep bmi2 erms invpcid rtm mpx rdseed adx smap clflushopt xsaveopt xsavec xgetbv1 dtherm ida arat pln pts hwp hwp_notify hwp_act_window hwp_epp
bugs		:
bogomips	: 6383.87
clflush size	: 64
cache_alignment	: 64
address sizes	: 39 bits physical, 48 bits virtual
power management:



Memory: 4k page, physical 8096028k(132800k free), swap 8308732k(23756k free)

vm_info: Java HotSpot(TM) 64-Bit Server VM (25.101-b13) for linux-amd64 JRE (1.8.0_101-b13), built on Jun 22 2016 02:59:44 by "java_re" with gcc 4.3.0 20080428 (Red Hat 4.3.0-8)

time: Tue Jun 13 14:31:42 2017
elapsed time: 0 seconds (0d 0h 0m 0s)

